{
    "headers": [
        "uploadAction",
        "observationId",
        "(type)",
        "videoId",
        "startTime",
        "endTime",
        "observer",
        "isHuman",
        "(confirmedBySomeone)",
        "(rejectedBySomeone)",
        "confirmedBy",
        "rejectedBy",
        "label",
        "labelConfidence",
        "comment",
        "spacialInfo"
    ],
    "rows": [
        [
            "update",
            "1719457772468.04096585523367635",
            "marker",
            "yob91d1jwtq",
            0.501,
            0.501,
            "jeff.hykin@gmail.com",
            true,
            false,
            false,
            null,
            null,
            "example-label",
            0.95,
            "testing howdy",
            null
        ],
        [
            "update",
            "1719468610008.5903692211880256",
            "marker",
            "fajlfj430",
            0,
            0,
            "jeff.hykin@gmail.com",
            true,
            false,
            false,
            null,
            null,
            "example-label",
            0.95,
            null,
            null
        ],
        [
            "update",
            "1719469792319.6174455839357319",
            "marker",
            "fajlfj430",
            1.149,
            1.149,
            "jeff.hykin@gmail.com",
            true,
            false,
            true,
            null,
            [
                "jeff.hykin@gmail.com"
            ],
            "example-label12",
            0.95,
            null,
            null
        ],
        [
            "update",
            "1720713953165.4361996203248599",
            "marker",
            "39tbp74ntvx",
            0,
            0,
            "jeff.hykin@gmail.com",
            true,
            false,
            false,
            null,
            null,
            "example-label12",
            0.95,
            null,
            null
        ]
    ]
}
error: Uncaught (in promise) ReferenceError: csvEscapeCell is not defined
    yield ensureUniqueNames(headers).map(each=>csvEscapeCell(String(each))).join(delimiter)+"\n"
                                               ^
    at file:///Users/jeffhykin/repos/typed_csv/main/javascript/main.js:311:48
    at Array.map (<anonymous>)
    at iterGenerateCsv (file:///Users/jeffhykin/repos/typed_csv/main/javascript/main.js:311:38)
    at iterGenerateCsv.next (<anonymous>)
    at stringify (file:///Users/jeffhykin/repos/typed_csv/main/javascript/main.js:303:16)
    at file:///Users/jeffhykin/repos/typed_csv/tests/main_js.js:9:13
    at eventLoopTick (ext:core/01_core.js:168:7)
